INFO: 2022-12-26 11:31:55,522: main() 'Using profile folder /home/akhilrac2000/.config/variety/'
INFO: 2022-12-26 11:31:55,526: perform_upgrade() 'Last run version was 0.8.9 or earlier, current version is 0.8.9'
INFO: 2022-12-26 11:31:55,606: process_command() 'Received command: ['-n']'
INFO: 2022-12-26 11:31:55,608: start() 'Using data_path /usr/share/variety'
INFO: 2022-12-26 11:31:55,608: load() 'Jumble loading'
INFO: 2022-12-26 11:31:55,613: _walk_modules() 'Jumble loading module in __init__ from /usr/lib/python3.11/site-packages/variety/plugins/builtin/__init__.py'
INFO: 2022-12-26 11:31:55,614: _walk_modules() 'Jumble loading module in GnomeDisplayModesPlugin from /usr/lib/python3.11/site-packages/variety/plugins/builtin/display_modes/GnomeDisplayModesPlugin.py'
INFO: 2022-12-26 11:31:55,614: load() 'Jumble found plugin class: <class 'GnomeDisplayModesPlugin.GnomeDisplayModesPlugin'>: {'name': 'GnomeDisplayModesPlugin', 'description': 'Display modes relying on the underlying desktop environment', 'version': '1.0', 'author': 'Peter Levi'}'
INFO: 2022-12-26 11:31:55,615: _walk_modules() 'Jumble loading module in LegacyDisplayModesPlugin from /usr/lib/python3.11/site-packages/variety/plugins/builtin/display_modes/LegacyDisplayModesPlugin.py'
INFO: 2022-12-26 11:31:55,615: load() 'Jumble found plugin class: <class 'LegacyDisplayModesPlugin.LegacyDisplayModesPlugin'>: {'name': 'LegacyDisplayModesPlugin', 'description': 'Legacy display mode for compatibility with past Variety versions', 'version': '1.0', 'author': 'Peter Levi'}'
INFO: 2022-12-26 11:31:55,615: _walk_modules() 'Jumble loading module in ResizingDisplayModesPlugin from /usr/lib/python3.11/site-packages/variety/plugins/builtin/display_modes/ResizingDisplayModesPlugin.py'
INFO: 2022-12-26 11:31:55,616: load() 'Jumble found plugin class: <class 'ResizingDisplayModesPlugin.ResizingDisplayModesPlugin'>: {'name': 'ResizingDisplayModesPlugin', 'description': 'Display modes that use image resizing within Variety', 'version': '1.0', 'author': 'Peter Levi'}'
INFO: 2022-12-26 11:31:55,616: _walk_modules() 'Jumble loading module in __init__ from /usr/lib/python3.11/site-packages/variety/plugins/builtin/display_modes/__init__.py'
INFO: 2022-12-26 11:31:55,616: _walk_modules() 'Jumble loading module in APODDownloader from /usr/lib/python3.11/site-packages/variety/plugins/builtin/downloaders/APODDownloader.py'
INFO: 2022-12-26 11:31:55,617: load() 'Jumble found plugin class: <class 'APODDownloader.APODDownloader'>: {'name': 'APODDownloader', 'description': 'NASA Astro Pic of the Day', 'author': 'Peter Levi', 'version': '0.1'}'
INFO: 2022-12-26 11:31:55,618: _walk_modules() 'Jumble loading module in ArtStationDownloader from /usr/lib/python3.11/site-packages/variety/plugins/builtin/downloaders/ArtStationDownloader.py'
INFO: 2022-12-26 11:31:55,618: _walk_modules() 'Jumble loading module in ArtStationSource from /usr/lib/python3.11/site-packages/variety/plugins/builtin/downloaders/ArtStationSource.py'
INFO: 2022-12-26 11:31:55,619: load() 'Jumble found plugin class: <class 'ArtStationSource.ArtStationSource'>: {'name': 'ArtStationSource', 'description': 'Configurable source for fetching images from ArtStation', 'author': 'Denis Gordeev', 'version': '0.1'}'
INFO: 2022-12-26 11:31:55,620: _walk_modules() 'Jumble loading module in BingDownloader from /usr/lib/python3.11/site-packages/variety/plugins/builtin/downloaders/BingDownloader.py'
INFO: 2022-12-26 11:31:55,620: load() 'Jumble found plugin class: <class 'BingDownloader.BingDownloader'>: {'name': 'BingDownloader', 'description': 'Bing Photo of the Day', 'author': 'Peter Levi', 'version': '0.1'}'
INFO: 2022-12-26 11:31:55,621: _walk_modules() 'Jumble loading module in EarthviewDownloader from /usr/lib/python3.11/site-packages/variety/plugins/builtin/downloaders/EarthviewDownloader.py'
INFO: 2022-12-26 11:31:55,621: load() 'Jumble found plugin class: <class 'EarthviewDownloader.EarthviewDownloader'>: {'name': 'EarthviewDownloader', 'description': 'Google Earth View Wallpapers', 'author': 'Peter Levi', 'version': '0.1'}'
INFO: 2022-12-26 11:31:55,621: _walk_modules() 'Jumble loading module in MediaRSSDownloader from /usr/lib/python3.11/site-packages/variety/plugins/builtin/downloaders/MediaRSSDownloader.py'
INFO: 2022-12-26 11:31:55,622: _walk_modules() 'Jumble loading module in MediaRSSSource from /usr/lib/python3.11/site-packages/variety/plugins/builtin/downloaders/MediaRSSSource.py'
INFO: 2022-12-26 11:31:55,623: load() 'Jumble found plugin class: <class 'MediaRSSSource.MediaRSSSource'>: {'name': 'MediaRSSSource', 'description': 'Configurable source for fetching images from MediaRSS feeds', 'author': 'Peter Levi', 'version': '0.1'}'
INFO: 2022-12-26 11:31:55,623: _walk_modules() 'Jumble loading module in NationalGeographicDownloader from /usr/lib/python3.11/site-packages/variety/plugins/builtin/downloaders/NationalGeographicDownloader.py'
INFO: 2022-12-26 11:31:55,624: load() 'Jumble found plugin class: <class 'NationalGeographicDownloader.NationalGeographicDownloader'>: {'name': 'NationalGeographicDownloader', 'description': "National Geographic's photo of the day", 'author': 'Eric Rösch', 'version': '0.1'}'
INFO: 2022-12-26 11:31:55,624: _walk_modules() 'Jumble loading module in RedditDownloader from /usr/lib/python3.11/site-packages/variety/plugins/builtin/downloaders/RedditDownloader.py'
INFO: 2022-12-26 11:31:55,624: _walk_modules() 'Jumble loading module in RedditSource from /usr/lib/python3.11/site-packages/variety/plugins/builtin/downloaders/RedditSource.py'
INFO: 2022-12-26 11:31:55,625: load() 'Jumble found plugin class: <class 'RedditSource.RedditSource'>: {'name': 'RedditSource', 'description': 'Configurable source for fetching images from Reddit', 'author': 'Peter Levi', 'version': '0.1'}'
INFO: 2022-12-26 11:31:55,626: _walk_modules() 'Jumble loading module in UnsplashConfigurableSource from /usr/lib/python3.11/site-packages/variety/plugins/builtin/downloaders/UnsplashConfigurableSource.py'
INFO: 2022-12-26 11:31:55,627: load() 'Jumble found plugin class: <class 'UnsplashConfigurableSource.UnsplashConfigurableSource'>: {'name': 'UnsplashConfigurableSource', 'description': 'Configurable source for fetching photos from Unsplash.com', 'author': 'Peter Levi', 'version': '0.1'}'
INFO: 2022-12-26 11:31:55,627: _walk_modules() 'Jumble loading module in UnsplashDownloader from /usr/lib/python3.11/site-packages/variety/plugins/builtin/downloaders/UnsplashDownloader.py'
INFO: 2022-12-26 11:31:55,628: load() 'Jumble found plugin class: <class 'UnsplashDownloader.UnsplashDownloader'>: {'name': 'UnsplashDownloader', 'description': 'High-resolution photos from Unsplash.com', 'author': 'Peter Levi', 'version': '0.1'}'
INFO: 2022-12-26 11:31:55,628: _walk_modules() 'Jumble loading module in WallhavenDownloader from /usr/lib/python3.11/site-packages/variety/plugins/builtin/downloaders/WallhavenDownloader.py'
INFO: 2022-12-26 11:31:55,630: _walk_modules() 'Jumble loading module in WallhavenLegacyDownloader from /usr/lib/python3.11/site-packages/variety/plugins/builtin/downloaders/WallhavenLegacyDownloader.py'
INFO: 2022-12-26 11:31:55,630: _walk_modules() 'Jumble loading module in WallhavenSource from /usr/lib/python3.11/site-packages/variety/plugins/builtin/downloaders/WallhavenSource.py'
INFO: 2022-12-26 11:31:55,631: load() 'Jumble found plugin class: <class 'WallhavenSource.WallhavenSource'>: {'name': 'WallhavenSource', 'description': 'Configurable source for fetching images from Wallhaven.cc', 'author': 'Peter Levi', 'version': '0.1'}'
INFO: 2022-12-26 11:31:55,631: _walk_modules() 'Jumble loading module in __init__ from /usr/lib/python3.11/site-packages/variety/plugins/builtin/downloaders/__init__.py'
INFO: 2022-12-26 11:31:55,632: _walk_modules() 'Jumble loading module in FortuneSource from /usr/lib/python3.11/site-packages/variety/plugins/builtin/quotes/FortuneSource.py'
INFO: 2022-12-26 11:31:55,632: load() 'Jumble found plugin class: <class 'FortuneSource.FortuneSource'>: {'name': 'UNIX fortune program', 'description': 'Displays quotes using the UNIX fortune program. You may want to install additional fortune packs, e.g. fortunes-bofh-excuses.', 'author': 'Dan Jones', 'version': '0.1'}'
INFO: 2022-12-26 11:31:55,633: _walk_modules() 'Jumble loading module in GoodreadsSource from /usr/lib/python3.11/site-packages/variety/plugins/builtin/quotes/GoodreadsSource.py'
ERROR: 2022-12-26 11:31:55,633: _walk_modules() 'Could not load plugin module /usr/lib/python3.11/site-packages/variety/plugins/builtin/quotes/GoodreadsSource.py'
Traceback (most recent call last):
  File "/usr/lib/python3.11/site-packages/jumble/Jumble.py", line 45, in _walk_modules
    yield imp.load_module(name, *info), path
          ^^^^^^^^^^^^^^^^^^^^^^^^^^^^
  File "/usr/lib64/python3.11/imp.py", line 235, in load_module
    return load_source(name, filename, file)
           ^^^^^^^^^^^^^^^^^^^^^^^^^^^^^^^^^
  File "/usr/lib64/python3.11/imp.py", line 172, in load_source
    module = _load(spec)
             ^^^^^^^^^^^
  File "<frozen importlib._bootstrap>", line 721, in _load
  File "<frozen importlib._bootstrap>", line 690, in _load_unlocked
  File "<frozen importlib._bootstrap_external>", line 940, in exec_module
  File "<frozen importlib._bootstrap>", line 241, in _call_with_frames_removed
  File "/usr/lib/python3.11/site-packages/variety/plugins/builtin/quotes/GoodreadsSource.py", line 21, in <module>
    from httplib2 import iri2uri
ModuleNotFoundError: No module named 'httplib2'
INFO: 2022-12-26 11:31:55,635: _walk_modules() 'Jumble loading module in LocalFilesSource from /usr/lib/python3.11/site-packages/variety/plugins/builtin/quotes/LocalFilesSource.py'
INFO: 2022-12-26 11:31:55,635: load() 'Jumble found plugin class: <class 'LocalFilesSource.LocalFilesSource'>: {'name': 'Local text files', 'description': 'Displays quotes, defined in local text files.\nPut your own txt files in: ~/.config/variety/pluginconfig/quotes/.\nThe file format is:\n\nquote -- author\n.\nsecond quote -- another author\n.\netc...\n\nExample: http://rvelthuis.de/zips/quotes.txt', 'author': 'Peter Levi', 'version': '0.1'}'
INFO: 2022-12-26 11:31:55,636: _walk_modules() 'Jumble loading module in QuotationsPageSource from /usr/lib/python3.11/site-packages/variety/plugins/builtin/quotes/QuotationsPageSource.py'
ERROR: 2022-12-26 11:31:55,636: _walk_modules() 'Could not load plugin module /usr/lib/python3.11/site-packages/variety/plugins/builtin/quotes/QuotationsPageSource.py'
Traceback (most recent call last):
  File "/usr/lib/python3.11/site-packages/jumble/Jumble.py", line 45, in _walk_modules
    yield imp.load_module(name, *info), path
          ^^^^^^^^^^^^^^^^^^^^^^^^^^^^
  File "/usr/lib64/python3.11/imp.py", line 235, in load_module
    return load_source(name, filename, file)
           ^^^^^^^^^^^^^^^^^^^^^^^^^^^^^^^^^
  File "/usr/lib64/python3.11/imp.py", line 172, in load_source
    module = _load(spec)
             ^^^^^^^^^^^
  File "<frozen importlib._bootstrap>", line 721, in _load
  File "<frozen importlib._bootstrap>", line 690, in _load_unlocked
  File "<frozen importlib._bootstrap_external>", line 940, in exec_module
  File "<frozen importlib._bootstrap>", line 241, in _call_with_frames_removed
  File "/usr/lib/python3.11/site-packages/variety/plugins/builtin/quotes/QuotationsPageSource.py", line 22, in <module>
    from httplib2 import iri2uri
ModuleNotFoundError: No module named 'httplib2'
INFO: 2022-12-26 11:31:55,637: _walk_modules() 'Jumble loading module in UrbanDictionarySource from /usr/lib/python3.11/site-packages/variety/plugins/builtin/quotes/UrbanDictionarySource.py'
INFO: 2022-12-26 11:31:55,637: load() 'Jumble found plugin class: <class 'UrbanDictionarySource.UrbanDictionarySource'>: {'name': 'Urban Dictionary', 'description': 'Displays definitions from Urban Dictionary', 'author': 'James Miller', 'version': '0.1'}'
INFO: 2022-12-26 11:31:55,637: _walk_modules() 'Jumble loading module in __init__ from /usr/lib/python3.11/site-packages/variety/plugins/builtin/quotes/__init__.py'
ERROR: 2022-12-26 11:31:55,638: get_xdg_pictures_folder() 'Could not get path to Pictures folder. Defaulting to ~/Pictures.'
Traceback (most recent call last):
  File "/usr/lib/python3.11/site-packages/variety/Util.py", line 815, in get_xdg_pictures_folder
    raise Exception("Could not get path to Pictures folder. Defaulting to ~/Pictures.")
Exception: Could not get path to Pictures folder. Defaulting to ~/Pictures.
ERROR: 2022-12-26 11:31:55,640: get_xdg_pictures_folder() 'Could not get path to Pictures folder. Defaulting to ~/Pictures.'
Traceback (most recent call last):
  File "/usr/lib/python3.11/site-packages/variety/Util.py", line 815, in get_xdg_pictures_folder
    raise Exception("Could not get path to Pictures folder. Defaulting to ~/Pictures.")
Exception: Could not get path to Pictures folder. Defaulting to ~/Pictures.
INFO: 2022-12-26 11:31:55,651: reload_config() 'Creating new downloader for type apod, location NASA's Astronomy Picture of the Day'
INFO: 2022-12-26 11:31:55,651: reload_config() 'Creating new downloader for type bing, location Bing Photo of the Day'
INFO: 2022-12-26 11:31:55,651: reload_config() 'Creating new downloader for type earthview, location Google Earth View Wallpapers'
INFO: 2022-12-26 11:31:55,651: log_options() 'Loaded options:'
INFO: 2022-12-26 11:31:55,652: log_options() 'change_enabled = False'
INFO: 2022-12-26 11:31:55,652: log_options() 'change_interval = 300'
INFO: 2022-12-26 11:31:55,652: log_options() 'change_on_start = False'
INFO: 2022-12-26 11:31:55,652: log_options() 'clipboard_enabled = False'
INFO: 2022-12-26 11:31:55,652: log_options() 'clipboard_hosts = ['wallhaven.cc', 'wallpapers.net', 'flickr.com', 'imgur.com', 'deviantart.com', 'interfacelift.com', 'vladstudio.com', 'imageshack.us', 'deviantart.net', 'imageshack.com']'
INFO: 2022-12-26 11:31:55,652: log_options() 'clipboard_use_whitelist = True'
INFO: 2022-12-26 11:31:55,652: log_options() 'clock_date_font = Serif 30'
INFO: 2022-12-26 11:31:55,652: log_options() 'clock_enabled = False'
INFO: 2022-12-26 11:31:55,652: log_options() 'clock_filter = -density 100 -font `fc-match -f '%{file[0]}' '%CLOCK_FONT_NAME'` -pointsize %CLOCK_FONT_SIZE -gravity SouthEast -fill '#00000044' -annotate 0x0+[%HOFFSET+58]+[%VOFFSET+108] '%H:%M' -fill white -annotate 0x0+[%HOFFSET+60]+[%VOFFSET+110] '%H:%M' -font `fc-match -f '%{file[0]}' '%DATE_FONT_NAME'` -pointsize %DATE_FONT_SIZE -fill '#00000044' -annotate 0x0+[%HOFFSET+58]+[%VOFFSET+58] '%A, %B %d' -fill white -annotate 0x0+[%HOFFSET+60]+[%VOFFSET+60] '%A, %B %d''
INFO: 2022-12-26 11:31:55,652: log_options() 'clock_font = Serif 70'
INFO: 2022-12-26 11:31:55,652: log_options() 'configfile = /home/akhilrac2000/.config/variety/variety.conf'
INFO: 2022-12-26 11:31:55,652: log_options() 'copyto_enabled = False'
INFO: 2022-12-26 11:31:55,652: log_options() 'copyto_folder = Default'
INFO: 2022-12-26 11:31:55,652: log_options() 'desired_color = [160, 160, 160]'
INFO: 2022-12-26 11:31:55,652: log_options() 'desired_color_enabled = False'
INFO: 2022-12-26 11:31:55,652: log_options() 'download_folder = /home/akhilrac2000/.config/variety/Downloaded'
INFO: 2022-12-26 11:31:55,652: log_options() 'download_preference_ratio = 0.9'
INFO: 2022-12-26 11:31:55,652: log_options() 'favorites_folder = /home/akhilrac2000/.config/variety/Favorites'
INFO: 2022-12-26 11:31:55,652: log_options() 'favorites_operations = [['Downloaded', 'Copy'], ['Fetched', 'Move'], ['Others', 'Copy']]'
INFO: 2022-12-26 11:31:55,652: log_options() 'fetched_folder = /home/akhilrac2000/.config/variety/Fetched'
INFO: 2022-12-26 11:31:55,652: log_options() 'filters = [[False, 'Keep original', ''], [False, 'Grayscale', '-type Grayscale'], [False, 'Heavy blur', '-scale 20% -blur 0x10 -resize 500%'], [False, 'Soft blur', '-scale 20% -blur 0x2 -resize 500%'], [False, 'Oil painting', '-paint 8'], [False, 'Pointilism', '-spread 10 -noise 3'], [False, 'Pixellate', '-scale 3% -scale 3333%']]'
INFO: 2022-12-26 11:31:55,652: log_options() 'get_wallpaper_script = /home/akhilrac2000/.config/variety/scripts/get_wallpaper'
INFO: 2022-12-26 11:31:55,652: log_options() 'icon = Light'
INFO: 2022-12-26 11:31:55,652: log_options() 'internet_enabled = True'
INFO: 2022-12-26 11:31:55,652: log_options() 'lightness_enabled = False'
INFO: 2022-12-26 11:31:55,652: log_options() 'lightness_mode = 0'
INFO: 2022-12-26 11:31:55,652: log_options() 'min_rating = 4'
INFO: 2022-12-26 11:31:55,652: log_options() 'min_rating_enabled = False'
INFO: 2022-12-26 11:31:55,652: log_options() 'min_size = 80'
INFO: 2022-12-26 11:31:55,652: log_options() 'min_size_enabled = False'
INFO: 2022-12-26 11:31:55,652: log_options() 'quota_enabled = True'
INFO: 2022-12-26 11:31:55,652: log_options() 'quota_size = 1000'
INFO: 2022-12-26 11:31:55,652: log_options() 'quotes_authors = '
INFO: 2022-12-26 11:31:55,652: log_options() 'quotes_bg_color = [80, 80, 80]'
INFO: 2022-12-26 11:31:55,653: log_options() 'quotes_bg_opacity = 55'
INFO: 2022-12-26 11:31:55,653: log_options() 'quotes_change_enabled = False'
INFO: 2022-12-26 11:31:55,653: log_options() 'quotes_change_interval = 300'
INFO: 2022-12-26 11:31:55,653: log_options() 'quotes_disabled_sources = ['Urban Dictionary']'
INFO: 2022-12-26 11:31:55,653: log_options() 'quotes_enabled = False'
INFO: 2022-12-26 11:31:55,653: log_options() 'quotes_favorites_file = /home/akhilrac2000/.config/variety/favorite_quotes.txt'
INFO: 2022-12-26 11:31:55,653: log_options() 'quotes_font = Serif 30'
INFO: 2022-12-26 11:31:55,653: log_options() 'quotes_hpos = 100'
INFO: 2022-12-26 11:31:55,653: log_options() 'quotes_max_length = 250'
INFO: 2022-12-26 11:31:55,653: log_options() 'quotes_tags = '
INFO: 2022-12-26 11:31:55,653: log_options() 'quotes_text_color = [255, 255, 255]'
INFO: 2022-12-26 11:31:55,653: log_options() 'quotes_text_shadow = False'
INFO: 2022-12-26 11:31:55,653: log_options() 'quotes_vpos = 40'
INFO: 2022-12-26 11:31:55,653: log_options() 'quotes_width = 70'
INFO: 2022-12-26 11:31:55,653: log_options() 'safe_mode = False'
INFO: 2022-12-26 11:31:55,653: log_options() 'set_wallpaper_script = /home/akhilrac2000/.config/variety/scripts/set_wallpaper'
INFO: 2022-12-26 11:31:55,653: log_options() 'slideshow_custom_enabled = False'
INFO: 2022-12-26 11:31:55,653: log_options() 'slideshow_custom_folder = /home/akhilrac2000/Pictures'
INFO: 2022-12-26 11:31:55,653: log_options() 'slideshow_downloads_enabled = False'
INFO: 2022-12-26 11:31:55,653: log_options() 'slideshow_fade = 0.4'
INFO: 2022-12-26 11:31:55,653: log_options() 'slideshow_favorites_enabled = True'
INFO: 2022-12-26 11:31:55,653: log_options() 'slideshow_mode = Fullscreen'
INFO: 2022-12-26 11:31:55,653: log_options() 'slideshow_monitor = All'
INFO: 2022-12-26 11:31:55,653: log_options() 'slideshow_pan = 0.05'
INFO: 2022-12-26 11:31:55,653: log_options() 'slideshow_seconds = 6.0'
INFO: 2022-12-26 11:31:55,653: log_options() 'slideshow_sort_order = Random'
INFO: 2022-12-26 11:31:55,653: log_options() 'slideshow_sources_enabled = True'
INFO: 2022-12-26 11:31:55,653: log_options() 'slideshow_zoom = 0.2'
INFO: 2022-12-26 11:31:55,653: log_options() 'smart_enabled = False'
INFO: 2022-12-26 11:31:55,653: log_options() 'smart_notice_shown = False'
INFO: 2022-12-26 11:31:55,653: log_options() 'smart_register_shown = False'
INFO: 2022-12-26 11:31:55,653: log_options() 'sources = [[True, 'favorites', 'The Favorites folder'], [True, 'fetched', 'The Fetched folder'], [False, 'folder', '/usr/share/backgrounds'], [False, 'flickr', 'user:www.flickr.com/photos/peter-levi/;user_id:93647178@N00;'], [True, 'apod', "NASA's Astronomy Picture of the Day"], [True, 'bing', 'Bing Photo of the Day'], [True, 'earthview', 'Google Earth View Wallpapers'], [False, 'natgeo', "National Geographic's photo of the day"], [False, 'unsplash', 'High-resolution photos from Unsplash.com']]'
INFO: 2022-12-26 11:31:55,653: log_options() 'stats_enabled = True'
INFO: 2022-12-26 11:31:55,653: log_options() 'stats_notice_shown = False'
INFO: 2022-12-26 11:31:55,653: log_options() 'sync_enabled = True'
INFO: 2022-12-26 11:31:55,654: log_options() 'use_landscape_enabled = True'
INFO: 2022-12-26 11:31:55,654: log_options() 'wallhaven_api_key = '
INFO: 2022-12-26 11:31:55,654: log_options() 'wallpaper_auto_rotate = False'
INFO: 2022-12-26 11:31:55,654: log_options() 'wallpaper_display_mode = os'
INFO: 2022-12-26 11:31:55,654: reload_config() 'No need to clear prepared queue'
INFO: 2022-12-26 11:31:55,654: update_indicator() 'Setting file info to: /home/akhilrac2000/.config/variety/Favorites/North-America-Nebula-Deepscape_Liron-Gertsman.jpg'
INFO: 2022-12-26 11:31:55,655: load_banned() 'Missing or invalid banned URLs list, no URLs will be banned'
INFO: 2022-12-26 11:31:55,655: load_last_change_time() 'Change interval < 6 hours, ignore persisted last_change_time, wait initially the whole interval: 300'
INFO: 2022-12-26 11:31:55,655: update_indicator() 'Setting file info to: /home/akhilrac2000/.config/variety/Favorites/North-America-Nebula-Deepscape_Liron-Gertsman.jpg'
INFO: 2022-12-26 11:31:55,656: regular_change_thread() 'regular_change thread running'
INFO: 2022-12-26 11:31:55,656: regular_change_thread() 'regular_change: waiting till user resumes'
INFO: 2022-12-26 11:31:55,656: prepare_thread() 'Prepare thread running'
INFO: 2022-12-26 11:31:55,657: prepare_thread() 'Prepared buffer contains 0 images'
INFO: 2022-12-26 11:31:55,657: prepare_thread() 'Preparing some images'
INFO: 2022-12-26 11:31:55,658: update_indicator_icon() 'Creating indicator'
INFO: 2022-12-26 11:31:55,703: get_throttling() 'Bing: parsing serverside options'
INFO: 2022-12-26 11:31:55,703: get_throttling() 'Could not parse Bing serverside options, using defaults None, None'
INFO: 2022-12-26 11:31:55,703: get_throttling() 'Bing: parsing serverside options'
INFO: 2022-12-26 11:31:55,703: get_throttling() 'Could not parse Bing serverside options, using defaults None, None'
INFO: 2022-12-26 11:31:55,703: download_one() 'Bing: Downloading an image, config: None'
INFO: 2022-12-26 11:31:55,703: download_one() 'Bing: Queue size: 0'
INFO: 2022-12-26 11:31:55,704: get_throttling() 'Bing: parsing serverside options'
INFO: 2022-12-26 11:31:55,704: get_throttling() 'Could not parse Bing serverside options, using defaults None, None'
INFO: 2022-12-26 11:31:55,704: download_one() 'Bing: Filling queue'
WARNING: 2022-12-26 11:31:55,713: create_menu() 'Variety Slideshow is not installed. This is an optional extension adding pan-and-zoom slideshows to Variety: see https://github.com/peterlevi/variety-slideshow for details'
INFO: 2022-12-26 11:31:55,714: create_indicator() 'indicator backend: AppIndicator3'
INFO: 2022-12-26 11:31:55,742: set_from_theme_icon() 'Showing indicator icon variety-indicator from GTK theme'
INFO: 2022-12-26 11:31:55,756: do_set_wp() 'Calling do_set_wp with /home/akhilrac2000/.config/variety/Favorites/North-America-Nebula-Deepscape_Liron-Gertsman.jpg, time: 1672034515.7560236'
INFO: 2022-12-26 11:31:55,764: update_indicator() 'Setting file info to: /home/akhilrac2000/.config/variety/Favorites/North-America-Nebula-Deepscape_Liron-Gertsman.jpg'
INFO: 2022-12-26 11:31:55,766: list_files() 'More than 1 files in the folders, stop listing'
INFO: 2022-12-26 11:31:55,782: prepare_thread() 'After search prepared buffer contains 65 images'
INFO: 2022-12-26 11:31:56,831: download_one() 'Bing: Queue populated with 7 URLs'
INFO: 2022-12-26 11:31:56,831: save_locally() 'Origin URL: https://www.bing.com/search?q=Strasbourg+France+Christmas&form=hpcapt&filters=HpDate%3a%2220221225_0800%22'
INFO: 2022-12-26 11:31:56,831: save_locally() 'Image URL: https://www.bing.com/th?id=OHR.ChristmasSouvenir_EN-US6355954352_1920x1080.jpg&rf=LaDigue_1920x1080.jpg&pid=hp'
INFO: 2022-12-26 11:31:56,831: save_locally() 'Local path: /home/akhilrac2000/.config/variety/Downloaded/Bing/OHR.ChristmasSouvenir_EN-US6355954352_1920x1080.jpg'
INFO: 2022-12-26 11:31:56,831: save_locally() 'File already exists, skip downloading'
INFO: 2022-12-26 11:31:56,994: reload() 'Reloading preferences dialog'
ERROR: 2022-12-26 11:31:56,995: get_xdg_pictures_folder() 'Could not get path to Pictures folder. Defaulting to ~/Pictures.'
Traceback (most recent call last):
  File "/usr/lib/python3.11/site-packages/variety/Util.py", line 815, in get_xdg_pictures_folder
    raise Exception("Could not get path to Pictures folder. Defaulting to ~/Pictures.")
Exception: Could not get path to Pictures folder. Defaulting to ~/Pictures.
ERROR: 2022-12-26 11:31:56,996: get_xdg_pictures_folder() 'Could not get path to Pictures folder. Defaulting to ~/Pictures.'
Traceback (most recent call last):
  File "/usr/lib/python3.11/site-packages/variety/Util.py", line 815, in get_xdg_pictures_folder
    raise Exception("Could not get path to Pictures folder. Defaulting to ~/Pictures.")
Exception: Could not get path to Pictures folder. Defaulting to ~/Pictures.
ERROR: 2022-12-26 11:31:56,999: get_xdg_pictures_folder() 'Could not get path to Pictures folder. Defaulting to ~/Pictures.'
Traceback (most recent call last):
  File "/usr/lib/python3.11/site-packages/variety/Util.py", line 815, in get_xdg_pictures_folder
    raise Exception("Could not get path to Pictures folder. Defaulting to ~/Pictures.")
Exception: Could not get path to Pictures folder. Defaulting to ~/Pictures.
INFO: 2022-12-26 11:31:57,782: trigger_download() 'Triggering download thread to check if download needed and possible'
INFO: 2022-12-26 11:31:58,609: do_set_wp() 'Calling do_set_wp with /home/akhilrac2000/.config/variety/Downloaded/Earth View/United States (ID-7016).jpg, time: 1672034518.6099021'
INFO: 2022-12-26 11:31:58,616: update_indicator() 'Setting file info to: /home/akhilrac2000/.config/variety/Downloaded/Earth View/United States (ID-7016).jpg'
INFO: 2022-12-26 11:31:58,619: list_files() 'More than 1 files in the folders, stop listing'
INFO: 2022-12-26 11:31:59,963: process_command() 'Received command: ['-n']'
INFO: 2022-12-26 11:31:59,966: set_wallpaper() 'Calling set_wallpaper with /home/akhilrac2000/.config/variety/Downloaded/Earth View/Alaior, Spain (ID-6060).jpg'
INFO: 2022-12-26 11:31:59,966: prepare_thread() 'Prepared buffer contains 65 images'
INFO: 2022-12-26 11:31:59,968: do_set_wp() 'Calling do_set_wp with /home/akhilrac2000/.config/variety/Downloaded/Earth View/Alaior, Spain (ID-6060).jpg, time: 1672034519.9680388'
INFO: 2022-12-26 11:31:59,974: update_indicator() 'Setting file info to: /home/akhilrac2000/.config/variety/Downloaded/Earth View/Alaior, Spain (ID-6060).jpg'
INFO: 2022-12-26 11:31:59,978: list_files() 'More than 1 files in the folders, stop listing'
INFO: 2022-12-26 11:32:01,967: trigger_download() 'Triggering download thread to check if download needed and possible'
INFO: 2022-12-26 11:32:01,967: get_throttling() 'Earth View: parsing serverside options'
INFO: 2022-12-26 11:32:01,967: get_throttling() 'Could not parse Earth View serverside options, using defaults 20, None'
INFO: 2022-12-26 11:32:01,967: trigger_download() 'Triggering download thread to check if download needed and possible'
INFO: 2022-12-26 11:32:01,968: get_throttling() 'Earth View: parsing serverside options'
INFO: 2022-12-26 11:32:01,968: get_throttling() 'Could not parse Earth View serverside options, using defaults 20, None'
INFO: 2022-12-26 11:32:01,968: download_one() 'Earth View: Downloading an image, config: None'
INFO: 2022-12-26 11:32:01,968: download_one() 'Earth View: Queue size: 0'
INFO: 2022-12-26 11:32:01,968: get_throttling() 'Earth View: parsing serverside options'
INFO: 2022-12-26 11:32:01,968: get_throttling() 'Could not parse Earth View serverside options, using defaults 20, None'
INFO: 2022-12-26 11:32:01,968: download_one() 'Earth View: Filling queue'
INFO: 2022-12-26 11:32:02,072: process_command() 'Received command: ['-p']'
INFO: 2022-12-26 11:32:02,075: do_set_wp() 'Calling do_set_wp with /home/akhilrac2000/.config/variety/Downloaded/Earth View/United States (ID-7016).jpg, time: 1672034522.0756845'
INFO: 2022-12-26 11:32:02,081: update_indicator() 'Setting file info to: /home/akhilrac2000/.config/variety/Downloaded/Earth View/United States (ID-7016).jpg'
INFO: 2022-12-26 11:32:02,086: list_files() 'More than 1 files in the folders, stop listing'
INFO: 2022-12-26 11:32:02,429: download_one() 'Earth View: Queue populated with 1511 URLs'
INFO: 2022-12-26 11:32:02,429: save_locally() 'Origin URL: https://earthview.withgoogle.com/1843'
INFO: 2022-12-26 11:32:02,429: save_locally() 'Image URL: https://www.gstatic.com/prettyearth/assets/full/1843.jpg'
INFO: 2022-12-26 11:32:02,429: save_locally() 'Local path: /home/akhilrac2000/.config/variety/Downloaded/Earth View/West Sahara (ID-1843).jpg'
INFO: 2022-12-26 11:32:02,566: process_command() 'Received command: ['-p']'
INFO: 2022-12-26 11:32:02,953: save_locally() 'Download complete'
INFO: 2022-12-26 11:32:02,953: update_indicator() 'Setting file info to: /home/akhilrac2000/.config/variety/Downloaded/Earth View/United States (ID-7016).jpg'
INFO: 2022-12-26 11:32:02,956: list_files() 'More than 1 files in the folders, stop listing'
INFO: 2022-12-26 11:32:02,956: download_one_from() 'Adding downloaded file /home/akhilrac2000/.config/variety/Downloaded/Earth View/West Sahara (ID-1843).jpg to unseen_downloads'
INFO: 2022-12-26 11:32:03,075: do_set_wp() 'Calling do_set_wp with /home/akhilrac2000/.config/variety/Favorites/North-America-Nebula-Deepscape_Liron-Gertsman.jpg, time: 1672034523.075952'
INFO: 2022-12-26 11:32:03,082: update_indicator() 'Setting file info to: /home/akhilrac2000/.config/variety/Favorites/North-America-Nebula-Deepscape_Liron-Gertsman.jpg'
INFO: 2022-12-26 11:32:03,083: list_files() 'More than 1 files in the folders, stop listing'
INFO: 2022-12-26 11:32:05,136: process_command() 'Received command: ['-n']'
INFO: 2022-12-26 11:32:05,139: do_set_wp() 'Calling do_set_wp with /home/akhilrac2000/.config/variety/Downloaded/Earth View/United States (ID-7016).jpg, time: 1672034525.1392446'
INFO: 2022-12-26 11:32:05,145: update_indicator() 'Setting file info to: /home/akhilrac2000/.config/variety/Downloaded/Earth View/United States (ID-7016).jpg'
INFO: 2022-12-26 11:32:05,148: list_files() 'More than 1 files in the folders, stop listing'
INFO: 2022-12-26 11:32:05,553: process_command() 'Received command: ['-n']'
INFO: 2022-12-26 11:32:06,139: do_set_wp() 'Calling do_set_wp with /home/akhilrac2000/.config/variety/Downloaded/Earth View/Alaior, Spain (ID-6060).jpg, time: 1672034526.1394887'
INFO: 2022-12-26 11:32:06,145: update_indicator() 'Setting file info to: /home/akhilrac2000/.config/variety/Downloaded/Earth View/Alaior, Spain (ID-6060).jpg'
INFO: 2022-12-26 11:32:06,148: list_files() 'More than 1 files in the folders, stop listing'
INFO: 2022-12-26 11:32:15,657: server_options_thread() 'Fetching server options from http://tiny.cc/variety-options-063'
INFO: 2022-12-26 11:32:17,175: server_options_thread() 'Fetched server options: {'flickr': {'min_fill_queue_interval': 1200, 'min_download_interval': 1200}, 'wallbase': {'min_fill_queue_interval': 1800, 'min_download_interval': 1800}, 'wallhaven': {'min_fill_queue_interval': 1800, 'min_download_interval': 1800}, 'wallpapers.net': {'min_fill_queue_interval': 601, 'min_download_interval': 0}, 'unsplash': {'min_fill_queue_interval': 20000000000, 'min_download_interval': 20000000000}, 'unsplash_v2': {'min_fill_queue_interval': 3600, 'min_download_interval': 1800}, 'status_message': {'0.0.1': '', '*': ''}}'
INFO: 2022-12-26 11:35:03,957: get_throttling() 'Bing: parsing serverside options'
INFO: 2022-12-26 11:35:03,957: get_throttling() 'Could not parse Bing serverside options, using defaults None, None'
INFO: 2022-12-26 11:35:03,958: get_throttling() 'Bing: parsing serverside options'
INFO: 2022-12-26 11:35:03,958: get_throttling() 'Could not parse Bing serverside options, using defaults None, None'
INFO: 2022-12-26 11:35:03,958: download_one() 'Bing: Downloading an image, config: None'
INFO: 2022-12-26 11:35:03,958: download_one() 'Bing: Queue size: 6'
INFO: 2022-12-26 11:35:03,958: download_one() 'Bing: Queue populated with 6 URLs'
INFO: 2022-12-26 11:35:03,958: save_locally() 'Origin URL: https://www.bing.com/search?q=Gentoo+penguins+antarctica&form=hpcapt&filters=HpDate%3a%2220221223_0800%22'
INFO: 2022-12-26 11:35:03,958: save_locally() 'Image URL: https://www.bing.com/th?id=OHR.GentooGrievances_EN-US6133793039_1920x1080.jpg&rf=LaDigue_1920x1080.jpg&pid=hp'
INFO: 2022-12-26 11:35:03,958: save_locally() 'Local path: /home/akhilrac2000/.config/variety/Downloaded/Bing/OHR.GentooGrievances_EN-US6133793039_1920x1080.jpg'
INFO: 2022-12-26 11:35:03,958: save_locally() 'File already exists, skip downloading'
INFO: 2022-12-26 11:38:04,959: get_throttling() 'Bing: parsing serverside options'
INFO: 2022-12-26 11:38:04,959: get_throttling() 'Could not parse Bing serverside options, using defaults None, None'
INFO: 2022-12-26 11:38:04,959: get_throttling() 'Bing: parsing serverside options'
INFO: 2022-12-26 11:38:04,959: get_throttling() 'Could not parse Bing serverside options, using defaults None, None'
INFO: 2022-12-26 11:38:04,959: download_one() 'Bing: Downloading an image, config: None'
INFO: 2022-12-26 11:38:04,959: download_one() 'Bing: Queue size: 5'
INFO: 2022-12-26 11:38:04,960: download_one() 'Bing: Queue populated with 5 URLs'
INFO: 2022-12-26 11:38:04,960: save_locally() 'Origin URL: https://www.bing.com/search?q=winterberry&form=hpcapt&filters=HpDate%3a%2220221219_0800%22'
INFO: 2022-12-26 11:38:04,960: save_locally() 'Image URL: https://www.bing.com/th?id=OHR.WinterberryBush_EN-US5722169778_1920x1080.jpg&rf=LaDigue_1920x1080.jpg&pid=hp'
INFO: 2022-12-26 11:38:04,960: save_locally() 'Local path: /home/akhilrac2000/.config/variety/Downloaded/Bing/OHR.WinterberryBush_EN-US5722169778_1920x1080.jpg'
INFO: 2022-12-26 11:38:04,960: save_locally() 'File already exists, skip downloading'
INFO: 2022-12-26 11:41:05,961: get_throttling() 'Bing: parsing serverside options'
INFO: 2022-12-26 11:41:05,961: get_throttling() 'Could not parse Bing serverside options, using defaults None, None'
INFO: 2022-12-26 11:41:05,961: get_throttling() 'Bing: parsing serverside options'
INFO: 2022-12-26 11:41:05,962: get_throttling() 'Could not parse Bing serverside options, using defaults None, None'
INFO: 2022-12-26 11:41:05,962: download_one() 'Bing: Downloading an image, config: None'
INFO: 2022-12-26 11:41:05,962: download_one() 'Bing: Queue size: 4'
INFO: 2022-12-26 11:41:05,962: download_one() 'Bing: Queue populated with 4 URLs'
INFO: 2022-12-26 11:41:05,962: save_locally() 'Origin URL: https://www.bing.com/search?q=winter+solstice&form=hpcapt&filters=HpDate%3a%2220221221_0800%22'
INFO: 2022-12-26 11:41:05,962: save_locally() 'Image URL: https://www.bing.com/th?id=OHR.SolarHalo_EN-US5994527098_1920x1080.jpg&rf=LaDigue_1920x1080.jpg&pid=hp'
INFO: 2022-12-26 11:41:05,963: save_locally() 'Local path: /home/akhilrac2000/.config/variety/Downloaded/Bing/OHR.SolarHalo_EN-US5994527098_1920x1080.jpg'
INFO: 2022-12-26 11:41:05,963: save_locally() 'File already exists, skip downloading'
INFO: 2022-12-26 11:44:06,964: get_throttling() 'Bing: parsing serverside options'
INFO: 2022-12-26 11:44:06,965: get_throttling() 'Could not parse Bing serverside options, using defaults None, None'
INFO: 2022-12-26 11:44:06,965: get_throttling() 'Bing: parsing serverside options'
INFO: 2022-12-26 11:44:06,965: get_throttling() 'Could not parse Bing serverside options, using defaults None, None'
INFO: 2022-12-26 11:44:06,965: download_one() 'Bing: Downloading an image, config: None'
INFO: 2022-12-26 11:44:06,965: download_one() 'Bing: Queue size: 3'
INFO: 2022-12-26 11:44:06,965: download_one() 'Bing: Queue populated with 3 URLs'
INFO: 2022-12-26 11:44:06,966: save_locally() 'Origin URL: https://www.bing.com/search?q=south+beach&form=hpcapt&filters=HpDate%3a%2220221218_0800%22'
INFO: 2022-12-26 11:44:06,966: save_locally() 'Image URL: https://www.bing.com/th?id=OHR.SouthBeach_EN-US5638482869_1920x1080.jpg&rf=LaDigue_1920x1080.jpg&pid=hp'
INFO: 2022-12-26 11:44:06,966: save_locally() 'Local path: /home/akhilrac2000/.config/variety/Downloaded/Bing/OHR.SouthBeach_EN-US5638482869_1920x1080.jpg'
INFO: 2022-12-26 11:44:06,966: save_locally() 'File already exists, skip downloading'
INFO: 2022-12-26 11:47:07,968: get_throttling() 'Bing: parsing serverside options'
INFO: 2022-12-26 11:47:07,968: get_throttling() 'Could not parse Bing serverside options, using defaults None, None'
INFO: 2022-12-26 11:47:07,968: get_throttling() 'Bing: parsing serverside options'
INFO: 2022-12-26 11:47:07,968: get_throttling() 'Could not parse Bing serverside options, using defaults None, None'
INFO: 2022-12-26 11:47:07,968: download_one() 'Bing: Downloading an image, config: None'
INFO: 2022-12-26 11:47:07,968: download_one() 'Bing: Queue size: 2'
INFO: 2022-12-26 11:47:07,968: download_one() 'Bing: Queue populated with 2 URLs'
INFO: 2022-12-26 11:47:07,969: save_locally() 'Origin URL: https://www.bing.com/search?q=Amalga+Harbor+Alaska&form=hpcapt&filters=HpDate%3a%2220221224_0800%22'
INFO: 2022-12-26 11:47:07,969: save_locally() 'Image URL: https://www.bing.com/th?id=OHR.AmalgaTree_EN-US6271369167_1920x1080.jpg&rf=LaDigue_1920x1080.jpg&pid=hp'
INFO: 2022-12-26 11:47:07,969: save_locally() 'Local path: /home/akhilrac2000/.config/variety/Downloaded/Bing/OHR.AmalgaTree_EN-US6271369167_1920x1080.jpg'
INFO: 2022-12-26 11:47:07,969: save_locally() 'File already exists, skip downloading'
INFO: 2022-12-26 11:50:08,970: get_throttling() 'Bing: parsing serverside options'
INFO: 2022-12-26 11:50:08,970: get_throttling() 'Could not parse Bing serverside options, using defaults None, None'
INFO: 2022-12-26 11:50:08,970: get_throttling() 'Bing: parsing serverside options'
INFO: 2022-12-26 11:50:08,971: get_throttling() 'Could not parse Bing serverside options, using defaults None, None'
INFO: 2022-12-26 11:50:08,971: download_one() 'Bing: Downloading an image, config: None'
INFO: 2022-12-26 11:50:08,971: download_one() 'Bing: Queue size: 1'
INFO: 2022-12-26 11:50:08,971: download_one() 'Bing: Queue populated with 1 URLs'
INFO: 2022-12-26 11:50:08,971: save_locally() 'Origin URL: https://www.bing.com/search?q=Belvedere+Vienna&form=hpcapt&filters=HpDate%3a%2220221220_0800%22'
INFO: 2022-12-26 11:50:08,971: save_locally() 'Image URL: https://www.bing.com/th?id=OHR.PalaceBelvedere_EN-US5817237970_1920x1080.jpg&rf=LaDigue_1920x1080.jpg&pid=hp'
INFO: 2022-12-26 11:50:08,971: save_locally() 'Local path: /home/akhilrac2000/.config/variety/Downloaded/Bing/OHR.PalaceBelvedere_EN-US5817237970_1920x1080.jpg'
INFO: 2022-12-26 11:50:08,972: save_locally() 'File already exists, skip downloading'
INFO: 2022-12-26 11:53:09,973: get_throttling() 'Bing: parsing serverside options'
INFO: 2022-12-26 11:53:09,973: get_throttling() 'Could not parse Bing serverside options, using defaults None, None'
INFO: 2022-12-26 11:53:09,973: get_throttling() 'Bing: parsing serverside options'
INFO: 2022-12-26 11:53:09,973: get_throttling() 'Could not parse Bing serverside options, using defaults None, None'
INFO: 2022-12-26 11:53:09,973: download_one() 'Bing: Downloading an image, config: None'
INFO: 2022-12-26 11:53:09,973: download_one() 'Bing: Queue size: 0'
INFO: 2022-12-26 11:53:09,974: get_throttling() 'Bing: parsing serverside options'
INFO: 2022-12-26 11:53:09,974: get_throttling() 'Could not parse Bing serverside options, using defaults None, None'
INFO: 2022-12-26 11:53:09,974: download_one() 'Bing: Filling queue'
INFO: 2022-12-26 11:53:14,027: download_one() 'Bing: Queue populated with 7 URLs'
INFO: 2022-12-26 11:53:14,028: save_locally() 'Origin URL: https://www.bing.com/search?q=Strasbourg+France+Christmas&form=hpcapt&filters=HpDate%3a%2220221225_0800%22'
INFO: 2022-12-26 11:53:14,028: save_locally() 'Image URL: https://www.bing.com/th?id=OHR.ChristmasSouvenir_EN-US6355954352_1920x1080.jpg&rf=LaDigue_1920x1080.jpg&pid=hp'
INFO: 2022-12-26 11:53:14,028: save_locally() 'Local path: /home/akhilrac2000/.config/variety/Downloaded/Bing/OHR.ChristmasSouvenir_EN-US6355954352_1920x1080.jpg'
INFO: 2022-12-26 11:53:14,028: save_locally() 'File already exists, skip downloading'
INFO: 2022-12-26 11:56:15,029: get_throttling() 'Bing: parsing serverside options'
INFO: 2022-12-26 11:56:15,029: get_throttling() 'Could not parse Bing serverside options, using defaults None, None'
INFO: 2022-12-26 11:56:15,029: get_throttling() 'Bing: parsing serverside options'
INFO: 2022-12-26 11:56:15,029: get_throttling() 'Could not parse Bing serverside options, using defaults None, None'
INFO: 2022-12-26 11:56:15,029: download_one() 'Bing: Downloading an image, config: None'
INFO: 2022-12-26 11:56:15,029: download_one() 'Bing: Queue size: 6'
INFO: 2022-12-26 11:56:15,029: download_one() 'Bing: Queue populated with 6 URLs'
INFO: 2022-12-26 11:56:15,029: save_locally() 'Origin URL: https://www.bing.com/search?q=winterberry&form=hpcapt&filters=HpDate%3a%2220221219_0800%22'
INFO: 2022-12-26 11:56:15,030: save_locally() 'Image URL: https://www.bing.com/th?id=OHR.WinterberryBush_EN-US5722169778_1920x1080.jpg&rf=LaDigue_1920x1080.jpg&pid=hp'
INFO: 2022-12-26 11:56:15,030: save_locally() 'Local path: /home/akhilrac2000/.config/variety/Downloaded/Bing/OHR.WinterberryBush_EN-US5722169778_1920x1080.jpg'
INFO: 2022-12-26 11:56:15,030: save_locally() 'File already exists, skip downloading'
INFO: 2022-12-26 11:59:16,031: get_throttling() 'Bing: parsing serverside options'
INFO: 2022-12-26 11:59:16,031: get_throttling() 'Could not parse Bing serverside options, using defaults None, None'
INFO: 2022-12-26 11:59:16,031: get_throttling() 'Bing: parsing serverside options'
INFO: 2022-12-26 11:59:16,031: get_throttling() 'Could not parse Bing serverside options, using defaults None, None'
INFO: 2022-12-26 11:59:16,031: download_one() 'Bing: Downloading an image, config: None'
INFO: 2022-12-26 11:59:16,031: download_one() 'Bing: Queue size: 5'
INFO: 2022-12-26 11:59:16,031: download_one() 'Bing: Queue populated with 5 URLs'
INFO: 2022-12-26 11:59:16,031: save_locally() 'Origin URL: https://www.bing.com/search?q=Gentoo+penguins+antarctica&form=hpcapt&filters=HpDate%3a%2220221223_0800%22'
INFO: 2022-12-26 11:59:16,031: save_locally() 'Image URL: https://www.bing.com/th?id=OHR.GentooGrievances_EN-US6133793039_1920x1080.jpg&rf=LaDigue_1920x1080.jpg&pid=hp'
INFO: 2022-12-26 11:59:16,031: save_locally() 'Local path: /home/akhilrac2000/.config/variety/Downloaded/Bing/OHR.GentooGrievances_EN-US6133793039_1920x1080.jpg'
INFO: 2022-12-26 11:59:16,031: save_locally() 'File already exists, skip downloading'
INFO: 2022-12-26 12:02:17,032: get_throttling() 'Bing: parsing serverside options'
INFO: 2022-12-26 12:02:17,032: get_throttling() 'Could not parse Bing serverside options, using defaults None, None'
INFO: 2022-12-26 12:02:17,032: get_throttling() 'Bing: parsing serverside options'
INFO: 2022-12-26 12:02:17,032: get_throttling() 'Could not parse Bing serverside options, using defaults None, None'
INFO: 2022-12-26 12:02:17,032: download_one() 'Bing: Downloading an image, config: None'
INFO: 2022-12-26 12:02:17,032: download_one() 'Bing: Queue size: 4'
INFO: 2022-12-26 12:02:17,032: download_one() 'Bing: Queue populated with 4 URLs'
INFO: 2022-12-26 12:02:17,033: save_locally() 'Origin URL: https://www.bing.com/search?q=south+beach&form=hpcapt&filters=HpDate%3a%2220221218_0800%22'
INFO: 2022-12-26 12:02:17,033: save_locally() 'Image URL: https://www.bing.com/th?id=OHR.SouthBeach_EN-US5638482869_1920x1080.jpg&rf=LaDigue_1920x1080.jpg&pid=hp'
INFO: 2022-12-26 12:02:17,033: save_locally() 'Local path: /home/akhilrac2000/.config/variety/Downloaded/Bing/OHR.SouthBeach_EN-US5638482869_1920x1080.jpg'
INFO: 2022-12-26 12:02:17,033: save_locally() 'File already exists, skip downloading'
INFO: 2022-12-26 12:05:18,033: get_throttling() 'Bing: parsing serverside options'
INFO: 2022-12-26 12:05:18,034: get_throttling() 'Could not parse Bing serverside options, using defaults None, None'
INFO: 2022-12-26 12:05:18,034: get_throttling() 'Bing: parsing serverside options'
INFO: 2022-12-26 12:05:18,034: get_throttling() 'Could not parse Bing serverside options, using defaults None, None'
INFO: 2022-12-26 12:05:18,034: download_one() 'Bing: Downloading an image, config: None'
INFO: 2022-12-26 12:05:18,034: download_one() 'Bing: Queue size: 3'
INFO: 2022-12-26 12:05:18,034: download_one() 'Bing: Queue populated with 3 URLs'
INFO: 2022-12-26 12:05:18,034: save_locally() 'Origin URL: https://www.bing.com/search?q=Amalga+Harbor+Alaska&form=hpcapt&filters=HpDate%3a%2220221224_0800%22'
INFO: 2022-12-26 12:05:18,034: save_locally() 'Image URL: https://www.bing.com/th?id=OHR.AmalgaTree_EN-US6271369167_1920x1080.jpg&rf=LaDigue_1920x1080.jpg&pid=hp'
INFO: 2022-12-26 12:05:18,034: save_locally() 'Local path: /home/akhilrac2000/.config/variety/Downloaded/Bing/OHR.AmalgaTree_EN-US6271369167_1920x1080.jpg'
INFO: 2022-12-26 12:05:18,035: save_locally() 'File already exists, skip downloading'
INFO: 2022-12-26 12:08:19,035: get_throttling() 'Bing: parsing serverside options'
INFO: 2022-12-26 12:08:19,036: get_throttling() 'Could not parse Bing serverside options, using defaults None, None'
INFO: 2022-12-26 12:08:19,036: get_throttling() 'Bing: parsing serverside options'
INFO: 2022-12-26 12:08:19,036: get_throttling() 'Could not parse Bing serverside options, using defaults None, None'
INFO: 2022-12-26 12:08:19,036: download_one() 'Bing: Downloading an image, config: None'
INFO: 2022-12-26 12:08:19,036: download_one() 'Bing: Queue size: 2'
INFO: 2022-12-26 12:08:19,036: download_one() 'Bing: Queue populated with 2 URLs'
INFO: 2022-12-26 12:08:19,037: save_locally() 'Origin URL: https://www.bing.com/search?q=Belvedere+Vienna&form=hpcapt&filters=HpDate%3a%2220221220_0800%22'
INFO: 2022-12-26 12:08:19,037: save_locally() 'Image URL: https://www.bing.com/th?id=OHR.PalaceBelvedere_EN-US5817237970_1920x1080.jpg&rf=LaDigue_1920x1080.jpg&pid=hp'
INFO: 2022-12-26 12:08:19,037: save_locally() 'Local path: /home/akhilrac2000/.config/variety/Downloaded/Bing/OHR.PalaceBelvedere_EN-US5817237970_1920x1080.jpg'
INFO: 2022-12-26 12:08:19,037: save_locally() 'File already exists, skip downloading'
INFO: 2022-12-26 12:11:29,038: get_throttling() 'Bing: parsing serverside options'
INFO: 2022-12-26 12:11:29,038: get_throttling() 'Could not parse Bing serverside options, using defaults None, None'
INFO: 2022-12-26 12:11:29,039: get_throttling() 'Bing: parsing serverside options'
INFO: 2022-12-26 12:11:29,039: get_throttling() 'Could not parse Bing serverside options, using defaults None, None'
INFO: 2022-12-26 12:11:29,039: download_one() 'Bing: Downloading an image, config: None'
INFO: 2022-12-26 12:11:29,039: download_one() 'Bing: Queue size: 1'
INFO: 2022-12-26 12:11:29,039: download_one() 'Bing: Queue populated with 1 URLs'
INFO: 2022-12-26 12:11:29,039: save_locally() 'Origin URL: https://www.bing.com/search?q=winter+solstice&form=hpcapt&filters=HpDate%3a%2220221221_0800%22'
INFO: 2022-12-26 12:11:29,039: save_locally() 'Image URL: https://www.bing.com/th?id=OHR.SolarHalo_EN-US5994527098_1920x1080.jpg&rf=LaDigue_1920x1080.jpg&pid=hp'
INFO: 2022-12-26 12:11:29,039: save_locally() 'Local path: /home/akhilrac2000/.config/variety/Downloaded/Bing/OHR.SolarHalo_EN-US5994527098_1920x1080.jpg'
INFO: 2022-12-26 12:11:29,039: save_locally() 'File already exists, skip downloading'
